
-----
Test: tests/test_person_tenzor.py::test_people_tenzor_ru (call)
Start time: 2024-03-05 19:18:12.285499
Start name method: Authorization

End time: 2024-03-05 19:18:15.933981
End name method: Authorization
URL: https://fix-sso.sbis.ru/auth-online/?ret=fix-online.sbis.ru/page/staff-list

-----

-----
Test: tests/test_person_tenzor.py::test_people_tenzor_ru (call)
Start time: 2024-03-05 19:18:15.934292
Start name method: Main_pages

End time: 2024-03-05 19:18:23.709917
End name method: Main_pages
URL: https://fix-online.sbis.ru/page/staff-list/

-----

-----
Test: tests/test_person_tenzor.py::test_people_tenzor_ru (call)
Start time: 2024-03-05 19:18:23.710688
Start name method: Create_employee_ru


-----
Test: tests/test_person_tenzor.py::test_people_tenzor_en (call)
Start time: 2024-03-05 19:18:35.705467
Start name method: Authorization

End time: 2024-03-05 19:18:40.515253
End name method: Authorization
URL: https://fix-sso.sbis.ru/auth-online/?ret=fix-online.sbis.ru/page/staff-list

-----

-----
Test: tests/test_person_tenzor.py::test_people_tenzor_en (call)
Start time: 2024-03-05 19:18:40.515601
Start name method: Main_pages

End time: 2024-03-05 19:18:54.521312
End name method: Main_pages
URL: https://fix-online.sbis.ru/page/staff-list/

-----

-----
Test: tests/test_person_tenzor.py::test_people_tenzor_en (call)
Start time: 2024-03-05 19:18:54.522429
Start name method: Create_employee_en

